# Logfile created on Sun Jun 06 11:50:36 +0200 2010  [4;36;1mSQL (0.2ms)[0m   [0;1mSET NAMES 'utf8'[0m
  [4;35;1mSQL (0.1ms)[0m   [0mSET SQL_AUTO_IS_NULL=0[0m
  [4;36;1mSQL (0.1ms)[0m   [0;1mBEGIN[0m
  [4;35;1mSQL (0.5ms)[0m   [0mROLLBACK[0m
  [4;36;1mSQL (0.2ms)[0m   [0;1mSET NAMES 'utf8'[0m
  [4;35;1mSQL (0.1ms)[0m   [0mSET SQL_AUTO_IS_NULL=0[0m
  [4;36;1mSQL (0.1ms)[0m   [0;1mBEGIN[0m
  [4;35;1mSQL (0.1ms)[0m   [0mROLLBACK[0m
  [4;36;1mSQL (0.2ms)[0m   [0;1mSET NAMES 'utf8'[0m
  [4;35;1mSQL (0.1ms)[0m   [0mSET SQL_AUTO_IS_NULL=0[0m
  [4;36;1mSQL (0.1ms)[0m   [0;1mBEGIN[0m
  [4;35;1mSQL (0.1ms)[0m   [0mROLLBACK[0m
  [4;36;1mSQL (0.2ms)[0m   [0;1mSET NAMES 'utf8'[0m
  [4;35;1mSQL (0.1ms)[0m   [0mSET SQL_AUTO_IS_NULL=0[0m
  [4;36;1mSQL (0.1ms)[0m   [0;1mBEGIN[0m
  [4;35;1mPost Columns (2.0ms)[0m   [0mSHOW FIELDS FROM `posts`[0m
  [4;36;1mSQL (39.7ms)[0m   [0;1mSAVEPOINT active_record_1[0m
  [4;35;1mPost Create (0.3ms)[0m   [0mINSERT INTO `posts` (`created_at`, `title`, `body`, `author`, `updated_at`) VALUES('2010-06-06 10:50:14', 'Pierwszy', 'Lorem ipsum dolor sit amet, consectetur adipisicing elit, sed do eiusmod tempor.', 'Adam', '2010-06-06 10:50:14')[0m
  [4;36;1mSQL (0.1ms)[0m   [0;1mRELEASE SAVEPOINT active_record_1[0m
  [4;35;1mSQL (0.1ms)[0m   [0mSAVEPOINT active_record_1[0m
  [4;36;1mPost Create (0.2ms)[0m   [0;1mINSERT INTO `posts` (`created_at`, `title`, `body`, `author`, `updated_at`) VALUES('2010-06-06 10:50:14', 'Drugi', 'Lorem ipsum dolor sit amet, consectetur adipisicing elit, sed do eiusmod tempor.', 'Karol', '2010-06-06 10:50:14')[0m
  [4;35;1mSQL (0.1ms)[0m   [0mRELEASE SAVEPOINT active_record_1[0m
REQUESTING PAGE: GET / with {} and HTTP headers {}


Processing ApplicationController#index (for 127.0.0.1 at 2010-06-06 12:50:14) [GET]
  [4;36;1mSQL (1.3ms)[0m   [0;1mROLLBACK[0m
  [4;36;1mSQL (0.2ms)[0m   [0;1mSET NAMES 'utf8'[0m
  [4;35;1mSQL (0.1ms)[0m   [0mSET SQL_AUTO_IS_NULL=0[0m
  [4;36;1mSQL (0.1ms)[0m   [0;1mBEGIN[0m
  [4;35;1mPost Columns (1.9ms)[0m   [0mSHOW FIELDS FROM `posts`[0m
  [4;36;1mSQL (0.1ms)[0m   [0;1mSAVEPOINT active_record_1[0m
  [4;35;1mPost Create (0.3ms)[0m   [0mINSERT INTO `posts` (`created_at`, `title`, `body`, `author`, `updated_at`) VALUES('2010-06-06 10:53:14', 'Pierwszy', 'Lorem ipsum dolor sit amet, consectetur adipisicing elit, sed do eiusmod tempor.', 'Adam', '2010-06-06 10:53:14')[0m
  [4;36;1mSQL (0.1ms)[0m   [0;1mRELEASE SAVEPOINT active_record_1[0m
  [4;35;1mSQL (0.1ms)[0m   [0mSAVEPOINT active_record_1[0m
  [4;36;1mPost Create (0.2ms)[0m   [0;1mINSERT INTO `posts` (`created_at`, `title`, `body`, `author`, `updated_at`) VALUES('2010-06-06 10:53:14', 'Drugi', 'Lorem ipsum dolor sit amet, consectetur adipisicing elit, sed do eiusmod tempor.', 'Karol', '2010-06-06 10:53:14')[0m
  [4;35;1mSQL (0.1ms)[0m   [0mRELEASE SAVEPOINT active_record_1[0m
REQUESTING PAGE: GET / with {} and HTTP headers {}


Processing ApplicationController#index (for 127.0.0.1 at 2010-06-06 12:53:14) [GET]
  [4;36;1mSQL (1.1ms)[0m   [0;1mROLLBACK[0m
  [4;36;1mSQL (0.2ms)[0m   [0;1mSET NAMES 'utf8'[0m
  [4;35;1mSQL (0.1ms)[0m   [0mSET SQL_AUTO_IS_NULL=0[0m
  [4;36;1mSQL (0.1ms)[0m   [0;1mBEGIN[0m
  [4;35;1mPost Columns (1.9ms)[0m   [0mSHOW FIELDS FROM `posts`[0m
  [4;36;1mSQL (0.1ms)[0m   [0;1mSAVEPOINT active_record_1[0m
  [4;35;1mPost Create (0.9ms)[0m   [0mINSERT INTO `posts` (`created_at`, `title`, `body`, `author`, `updated_at`) VALUES('2010-06-06 10:54:26', 'Pierwszy', 'Lorem ipsum dolor sit amet, consectetur adipisicing elit, sed do eiusmod tempor.', 'Adam', '2010-06-06 10:54:26')[0m
  [4;36;1mSQL (0.1ms)[0m   [0;1mRELEASE SAVEPOINT active_record_1[0m
  [4;35;1mSQL (0.1ms)[0m   [0mSAVEPOINT active_record_1[0m
  [4;36;1mPost Create (0.2ms)[0m   [0;1mINSERT INTO `posts` (`created_at`, `title`, `body`, `author`, `updated_at`) VALUES('2010-06-06 10:54:26', 'Drugi', 'Lorem ipsum dolor sit amet, consectetur adipisicing elit, sed do eiusmod tempor.', 'Karol', '2010-06-06 10:54:26')[0m
  [4;35;1mSQL (0.1ms)[0m   [0mRELEASE SAVEPOINT active_record_1[0m
REQUESTING PAGE: GET / with {} and HTTP headers {}


Processing PostsController#index (for 127.0.0.1 at 2010-06-06 12:54:26) [GET]


Processing ApplicationController#index (for 127.0.0.1 at 2010-06-06 12:54:26) [GET]
  [4;36;1mSQL (1.0ms)[0m   [0;1mROLLBACK[0m
  [4;36;1mSQL (0.2ms)[0m   [0;1mSET NAMES 'utf8'[0m
  [4;35;1mSQL (0.1ms)[0m   [0mSET SQL_AUTO_IS_NULL=0[0m
  [4;36;1mSQL (0.1ms)[0m   [0;1mBEGIN[0m
  [4;35;1mPost Columns (2.0ms)[0m   [0mSHOW FIELDS FROM `posts`[0m
  [4;36;1mSQL (0.1ms)[0m   [0;1mSAVEPOINT active_record_1[0m
  [4;35;1mPost Create (1.0ms)[0m   [0mINSERT INTO `posts` (`created_at`, `title`, `body`, `author`, `updated_at`) VALUES('2010-06-06 10:54:55', 'Pierwszy', 'Lorem ipsum dolor sit amet, consectetur adipisicing elit, sed do eiusmod tempor.', 'Adam', '2010-06-06 10:54:55')[0m
  [4;36;1mSQL (0.1ms)[0m   [0;1mRELEASE SAVEPOINT active_record_1[0m
  [4;35;1mSQL (0.1ms)[0m   [0mSAVEPOINT active_record_1[0m
  [4;36;1mPost Create (0.2ms)[0m   [0;1mINSERT INTO `posts` (`created_at`, `title`, `body`, `author`, `updated_at`) VALUES('2010-06-06 10:54:55', 'Drugi', 'Lorem ipsum dolor sit amet, consectetur adipisicing elit, sed do eiusmod tempor.', 'Karol', '2010-06-06 10:54:55')[0m
  [4;35;1mSQL (0.1ms)[0m   [0mRELEASE SAVEPOINT active_record_1[0m
REQUESTING PAGE: GET / with {} and HTTP headers {}


Processing ApplicationController#index (for 127.0.0.1 at 2010-06-06 12:54:55) [GET]
  [4;36;1mSQL (0.9ms)[0m   [0;1mROLLBACK[0m
  [4;36;1mSQL (0.2ms)[0m   [0;1mSET NAMES 'utf8'[0m
  [4;35;1mSQL (0.1ms)[0m   [0mSET SQL_AUTO_IS_NULL=0[0m
  [4;36;1mSQL (0.1ms)[0m   [0;1mBEGIN[0m
  [4;35;1mPost Columns (1.9ms)[0m   [0mSHOW FIELDS FROM `posts`[0m
  [4;36;1mSQL (37.7ms)[0m   [0;1mSAVEPOINT active_record_1[0m
  [4;35;1mPost Create (0.8ms)[0m   [0mINSERT INTO `posts` (`created_at`, `title`, `body`, `author`, `updated_at`) VALUES('2010-06-06 10:56:59', 'Pierwszy', 'Lorem ipsum dolor sit amet, consectetur adipisicing elit, sed do eiusmod tempor.', 'Adam', '2010-06-06 10:56:59')[0m
  [4;36;1mSQL (0.1ms)[0m   [0;1mRELEASE SAVEPOINT active_record_1[0m
  [4;35;1mSQL (0.1ms)[0m   [0mSAVEPOINT active_record_1[0m
  [4;36;1mPost Create (0.2ms)[0m   [0;1mINSERT INTO `posts` (`created_at`, `title`, `body`, `author`, `updated_at`) VALUES('2010-06-06 10:56:59', 'Drugi', 'Lorem ipsum dolor sit amet, consectetur adipisicing elit, sed do eiusmod tempor.', 'Karol', '2010-06-06 10:56:59')[0m
  [4;35;1mSQL (0.1ms)[0m   [0mRELEASE SAVEPOINT active_record_1[0m
REQUESTING PAGE: GET / with {} and HTTP headers {}


Processing PostsController#index (for 127.0.0.1 at 2010-06-06 12:56:59) [GET]
Rendering posts/index
Completed in 69ms (View: 2, DB: 41) | 200 OK [http://www.example.com/]
  [4;36;1mSQL (0.9ms)[0m   [0;1mROLLBACK[0m
  [4;36;1mSQL (0.2ms)[0m   [0;1mSET NAMES 'utf8'[0m
  [4;35;1mSQL (0.1ms)[0m   [0mSET SQL_AUTO_IS_NULL=0[0m
  [4;36;1mSQL (0.1ms)[0m   [0;1mBEGIN[0m
  [4;35;1mPost Columns (2.1ms)[0m   [0mSHOW FIELDS FROM `posts`[0m
  [4;36;1mSQL (40.2ms)[0m   [0;1mSAVEPOINT active_record_1[0m
  [4;35;1mPost Create (1.4ms)[0m   [0mINSERT INTO `posts` (`created_at`, `title`, `body`, `author`, `updated_at`) VALUES('2010-06-06 10:58:42', 'Pierwszy', 'Lorem ipsum dolor sit amet, consectetur adipisicing elit, sed do eiusmod tempor.', 'Adam', '2010-06-06 10:58:42')[0m
  [4;36;1mSQL (0.1ms)[0m   [0;1mRELEASE SAVEPOINT active_record_1[0m
  [4;35;1mSQL (0.1ms)[0m   [0mSAVEPOINT active_record_1[0m
  [4;36;1mPost Create (0.2ms)[0m   [0;1mINSERT INTO `posts` (`created_at`, `title`, `body`, `author`, `updated_at`) VALUES('2010-06-06 10:58:42', 'Drugi', 'Lorem ipsum dolor sit amet, consectetur adipisicing elit, sed do eiusmod tempor.', 'Karol', '2010-06-06 10:58:42')[0m
  [4;35;1mSQL (0.1ms)[0m   [0mRELEASE SAVEPOINT active_record_1[0m
REQUESTING PAGE: GET / with {} and HTTP headers {}


Processing PostsController#index (for 127.0.0.1 at 2010-06-06 12:58:42) [GET]
Rendering posts/index
Completed in 67ms (View: 2, DB: 44) | 200 OK [http://www.example.com/]
  [4;36;1mSQL (1.0ms)[0m   [0;1mROLLBACK[0m
  [4;36;1mSQL (0.2ms)[0m   [0;1mSET NAMES 'utf8'[0m
  [4;35;1mSQL (0.1ms)[0m   [0mSET SQL_AUTO_IS_NULL=0[0m
  [4;36;1mSQL (0.1ms)[0m   [0;1mBEGIN[0m
  [4;35;1mPost Columns (2.3ms)[0m   [0mSHOW FIELDS FROM `posts`[0m
  [4;36;1mSQL (0.2ms)[0m   [0;1mSAVEPOINT active_record_1[0m
  [4;35;1mPost Create (0.3ms)[0m   [0mINSERT INTO `posts` (`created_at`, `title`, `body`, `author`, `updated_at`) VALUES('2010-06-06 14:44:15', 'Pierwszy', 'Lorem ipsum dolor sit amet, consectetur adipisicing elit, sed do eiusmod tempor.', 'Adam', '2010-06-06 14:44:15')[0m
  [4;36;1mSQL (0.1ms)[0m   [0;1mRELEASE SAVEPOINT active_record_1[0m
  [4;35;1mSQL (0.1ms)[0m   [0mSAVEPOINT active_record_1[0m
  [4;36;1mPost Create (0.1ms)[0m   [0;1mINSERT INTO `posts` (`created_at`, `title`, `body`, `author`, `updated_at`) VALUES('2010-06-06 14:44:15', 'Drugi', 'Lorem ipsum dolor sit amet, consectetur adipisicing elit, sed do eiusmod tempor.', 'Karol', '2010-06-06 14:44:15')[0m
  [4;35;1mSQL (0.1ms)[0m   [0mRELEASE SAVEPOINT active_record_1[0m
REQUESTING PAGE: GET / with {} and HTTP headers {}


Processing PostsController#index (for 127.0.0.1 at 2010-06-06 16:44:16) [GET]
  [4;36;1mPost Load (0.3ms)[0m   [0;1mSELECT * FROM `posts` [0m
Rendering posts/index
Completed in 4ms (View: 2, DB: 4) | 200 OK [http://www.example.com/]
  [4;35;1mSQL (1.1ms)[0m   [0mROLLBACK[0m
